<?xml version="1.0" encoding="UTF-8"?>
<!-- Generated by org.testng.reporters.JUnitReportReporter -->
<testsuite hostname="Arvind" name="com.actitime.genericlib.HomePageTest" tests="2" failures="0" timestamp="6 Sep 2018 13:51:23 GMT" time="7.023" errors="0">
  <testcase name="verifyHomepageTest" time="4.074" classname="com.actitime.genericlib.HomePageTest"/>
  <testcase name="verifylogoimageinhomepagetest" time="2.949" classname="com.actitime.genericlib.HomePageTest"/>
</testsuite> <!-- com.actitime.genericlib.HomePageTest -->
